<?xml version="1.0" encoding="UTF-8"?>
<testng-results skipped="0" failed="0" ignored="0" total="3" passed="3">
  <reporter-output>
  </reporter-output>
  <suite name="Default suite" duration-ms="146" started-at="2020-08-17T17:46:41 IST" finished-at="2020-08-17T17:46:41 IST">
    <groups>
    </groups>
    <test name="Default test" duration-ms="146" started-at="2020-08-17T17:46:41 IST" finished-at="2020-08-17T17:46:41 IST">
      <class name="TestNG_Demo2">
        <test-method status="PASS" signature="testLogin(java.lang.String, java.lang.String)[pri:0, instance:TestNG_Demo2@286778]" name="testLogin" duration-ms="27" started-at="2020-08-17T17:46:41 IST" data-provider="loginData" finished-at="2020-08-17T17:46:41 IST">
          <params>
            <param index="0">
              <value>
                <![CDATA[AdminUserName]]>
              </value>
            </param>
            <param index="1">
              <value>
                <![CDATA[Apassword]]>
              </value>
            </param>
          </params>
          <reporter-output>
          </reporter-output>
        </test-method> <!-- testLogin -->
        <test-method status="PASS" signature="testLogin(java.lang.String, java.lang.String)[pri:0, instance:TestNG_Demo2@286778]" name="testLogin" duration-ms="12" started-at="2020-08-17T17:46:41 IST" data-provider="loginData" finished-at="2020-08-17T17:46:41 IST">
          <params>
            <param index="0">
              <value>
                <![CDATA[TeacherUserName]]>
              </value>
            </param>
            <param index="1">
              <value>
                <![CDATA[Tpassword]]>
              </value>
            </param>
          </params>
          <reporter-output>
          </reporter-output>
        </test-method> <!-- testLogin -->
        <test-method status="PASS" signature="testLogin(java.lang.String, java.lang.String)[pri:0, instance:TestNG_Demo2@286778]" name="testLogin" duration-ms="3" started-at="2020-08-17T17:46:41 IST" data-provider="loginData" finished-at="2020-08-17T17:46:41 IST">
          <params>
            <param index="0">
              <value>
                <![CDATA[StudentUserName]]>
              </value>
            </param>
            <param index="1">
              <value>
                <![CDATA[Spassword]]>
              </value>
            </param>
          </params>
          <reporter-output>
          </reporter-output>
        </test-method> <!-- testLogin -->
      </class> <!-- TestNG_Demo2 -->
    </test> <!-- Default test -->
  </suite> <!-- Default suite -->
</testng-results>
